<?xml version="1.0" encoding="UTF-8"?>
<!-- Generated by org.testng.reporters.JUnitXMLReporter -->
<testsuite hostname="Ramnath-PC" ignored="0" name="HubSpot Test Cases" tests="15" failures="0" timestamp="30 Jul 2020 18:00:21 GMT" time="372.821" errors="0">
  <testcase name="verifyLoginTest" time="9.145" classname="com.qa.hubspot.tests.LoginPageTest"/>
  <testcase name="verifySignUpLinkDisplayedTest" time="6.819" classname="com.qa.hubspot.tests.LoginPageTest"/>
  <testcase name="verifyloginPageTitleTest" time="8.737" classname="com.qa.hubspot.tests.LoginPageTest"/>
  <testcase name="verifyCompaniesPageTest" time="10.725" classname="com.qa.hubspot.tests.HomePageTest"/>
  <testcase name="verifyContactsPageTest" time="10.435" classname="com.qa.hubspot.tests.HomePageTest"/>
  <testcase name="verifyHomePageHeaderTest" time="6.005" classname="com.qa.hubspot.tests.HomePageTest"/>
  <testcase name="verifyHomePageTitleTest" time="6.175" classname="com.qa.hubspot.tests.HomePageTest"/>
  <testcase name="verifyUserEmailTest" time="7.607" classname="com.qa.hubspot.tests.HomePageTest"/>
  <testcase name="verifyUserNameTest" time="7.252" classname="com.qa.hubspot.tests.HomePageTest"/>
  <testcase name="verifyContactsHeaderTest" time="4.525" classname="com.qa.hubspot.tests.ContactsPageTest"/>
  <testcase name="verifyContactsPageTitleTest" time="1.21" classname="com.qa.hubspot.tests.ContactsPageTest"/>
  <testcase name="verifyCreateNewContact" time="11.042" classname="com.qa.hubspot.tests.ContactsPageTest"/>
  <testcase name="verifyCreateNewContact" time="3.875" classname="com.qa.hubspot.tests.ContactsPageTest"/>
  <testcase name="verifyCreateNewContact" time="11.651" classname="com.qa.hubspot.tests.ContactsPageTest"/>
  <testcase name="verifySelectContactsTest" time="10.164" classname="com.qa.hubspot.tests.ContactsPageTest"/>
</testsuite> <!-- HubSpot Test Cases -->
