<?xml version="1.0" encoding="UTF-8"?>
<!-- Generated by org.testng.reporters.JUnitXMLReporter -->
<testsuite hostname="Ramnath-PC" ignored="0" name="Test" tests="15" failures="0" timestamp="30 Jul 2020 16:59:34 GMT" time="358.939" errors="0">
  <testcase name="verifyLoginTest" time="8.561" classname="com.qa.hubspot.tests.LoginPageTest"/>
  <testcase name="verifySignUpLinkDisplayedTest" time="6.202" classname="com.qa.hubspot.tests.LoginPageTest"/>
  <testcase name="verifyloginPageTitleTest" time="6.253" classname="com.qa.hubspot.tests.LoginPageTest"/>
  <testcase name="verifyContactsHeaderTest" time="4.617" classname="com.qa.hubspot.tests.ContactsPageTest"/>
  <testcase name="verifyContactsPageTitleTest" time="0.985" classname="com.qa.hubspot.tests.ContactsPageTest"/>
  <testcase name="verifyCreateNewContact" time="7.249" classname="com.qa.hubspot.tests.ContactsPageTest"/>
  <testcase name="verifyCreateNewContact" time="11.0" classname="com.qa.hubspot.tests.ContactsPageTest"/>
  <testcase name="verifyCreateNewContact" time="7.658" classname="com.qa.hubspot.tests.ContactsPageTest"/>
  <testcase name="verifySelectContactsTest" time="10.327" classname="com.qa.hubspot.tests.ContactsPageTest"/>
  <testcase name="verifyCompaniesPageTest" time="9.053" classname="com.qa.hubspot.tests.HomePageTest"/>
  <testcase name="verifyContactsPageTest" time="9.005" classname="com.qa.hubspot.tests.HomePageTest"/>
  <testcase name="verifyHomePageHeaderTest" time="7.413" classname="com.qa.hubspot.tests.HomePageTest"/>
  <testcase name="verifyHomePageTitleTest" time="6.235" classname="com.qa.hubspot.tests.HomePageTest"/>
  <testcase name="verifyUserEmailTest" time="6.96" classname="com.qa.hubspot.tests.HomePageTest"/>
  <testcase name="verifyUserNameTest" time="7.868" classname="com.qa.hubspot.tests.HomePageTest"/>
</testsuite> <!-- Test -->
