<?xml version="1.0" encoding="UTF-8"?>
<!-- Generated by org.testng.reporters.JUnitXMLReporter -->
<testsuite hostname="Ramnath-PC" ignored="0" name="Command line test" tests="15" failures="0" timestamp="31 Jul 2020 17:42:45 GMT" time="515.726" errors="0">
  <testcase name="verifyContactsHeaderTest" time="7.247" classname="com.qa.hubspot.tests.ContactsPageTest"/>
  <testcase name="verifyContactsPageTitleTest" time="2.65" classname="com.qa.hubspot.tests.ContactsPageTest"/>
  <testcase name="verifyCreateNewContact" time="15.772" classname="com.qa.hubspot.tests.ContactsPageTest"/>
  <testcase name="verifyCreateNewContact" time="15.429" classname="com.qa.hubspot.tests.ContactsPageTest"/>
  <testcase name="verifyCreateNewContact" time="11.297" classname="com.qa.hubspot.tests.ContactsPageTest"/>
  <testcase name="verifySelectContactsTest" time="9.982" classname="com.qa.hubspot.tests.ContactsPageTest"/>
  <testcase name="verifyCompaniesPageTest" time="11.347" classname="com.qa.hubspot.tests.HomePageTest"/>
  <testcase name="verifyContactsPageTest" time="9.059" classname="com.qa.hubspot.tests.HomePageTest"/>
  <testcase name="verifyHomePageHeaderTest" time="9.379" classname="com.qa.hubspot.tests.HomePageTest"/>
  <testcase name="verifyHomePageTitleTest" time="8.368" classname="com.qa.hubspot.tests.HomePageTest"/>
  <testcase name="verifyUserEmailTest" time="7.226" classname="com.qa.hubspot.tests.HomePageTest"/>
  <testcase name="verifyUserNameTest" time="7.92" classname="com.qa.hubspot.tests.HomePageTest"/>
  <testcase name="verifyLoginTest" time="11.25" classname="com.qa.hubspot.tests.LoginPageTest"/>
  <testcase name="verifySignUpLinkDisplayedTest" time="10.274" classname="com.qa.hubspot.tests.LoginPageTest"/>
  <testcase name="verifyloginPageTitleTest" time="10.687" classname="com.qa.hubspot.tests.LoginPageTest"/>
</testsuite> <!-- Command line test -->
