<?xml version="1.0" encoding="UTF-8"?>
<testng-results skipped="0" failed="0" ignored="0" total="15" passed="15">
  <reporter-output>
  </reporter-output>
  <suite name="Command line suite" duration-ms="515726" started-at="2020-07-31T17:34:09Z" finished-at="2020-07-31T17:42:45Z">
    <groups>
    </groups>
    <test name="Command line test" duration-ms="515726" started-at="2020-07-31T17:34:09Z" finished-at="2020-07-31T17:42:45Z">
      <class name="com.qa.hubspot.tests.LoginPageTest">
        <test-method status="PASS" signature="setUp()[pri:0, instance:com.qa.hubspot.tests.LoginPageTest@68837a77]" name="setUp" is-config="true" duration-ms="6286" started-at="2020-07-31T17:41:51Z" finished-at="2020-07-31T17:41:57Z">
          <reporter-output>
          </reporter-output>
        </test-method> <!-- setUp -->
        <test-method status="PASS" signature="verifyLoginTest()[pri:0, instance:com.qa.hubspot.tests.LoginPageTest@68837a77]" name="verifyLoginTest" duration-ms="11250" started-at="2020-07-31T17:41:57Z" finished-at="2020-07-31T17:42:09Z">
          <reporter-output>
          </reporter-output>
        </test-method> <!-- verifyLoginTest -->
        <test-method status="PASS" signature="tearDown()[pri:0, instance:com.qa.hubspot.tests.LoginPageTest@68837a77]" name="tearDown" is-config="true" duration-ms="1059" started-at="2020-07-31T17:42:09Z" finished-at="2020-07-31T17:42:10Z">
          <reporter-output>
          </reporter-output>
        </test-method> <!-- tearDown -->
        <test-method status="PASS" signature="setUp()[pri:0, instance:com.qa.hubspot.tests.LoginPageTest@68837a77]" name="setUp" is-config="true" duration-ms="5704" started-at="2020-07-31T17:42:10Z" finished-at="2020-07-31T17:42:15Z">
          <reporter-output>
          </reporter-output>
        </test-method> <!-- setUp -->
        <test-method status="PASS" signature="verifySignUpLinkDisplayedTest()[pri:0, instance:com.qa.hubspot.tests.LoginPageTest@68837a77]" name="verifySignUpLinkDisplayedTest" duration-ms="10274" started-at="2020-07-31T17:42:15Z" finished-at="2020-07-31T17:42:26Z">
          <reporter-output>
          </reporter-output>
        </test-method> <!-- verifySignUpLinkDisplayedTest -->
        <test-method status="PASS" signature="tearDown()[pri:0, instance:com.qa.hubspot.tests.LoginPageTest@68837a77]" name="tearDown" is-config="true" duration-ms="1782" started-at="2020-07-31T17:42:26Z" finished-at="2020-07-31T17:42:27Z">
          <reporter-output>
          </reporter-output>
        </test-method> <!-- tearDown -->
        <test-method status="PASS" signature="setUp()[pri:0, instance:com.qa.hubspot.tests.LoginPageTest@68837a77]" name="setUp" is-config="true" duration-ms="5950" started-at="2020-07-31T17:42:27Z" finished-at="2020-07-31T17:42:33Z">
          <reporter-output>
          </reporter-output>
        </test-method> <!-- setUp -->
        <test-method status="PASS" signature="verifyloginPageTitleTest()[pri:0, instance:com.qa.hubspot.tests.LoginPageTest@68837a77]" name="verifyloginPageTitleTest" duration-ms="10687" started-at="2020-07-31T17:42:33Z" finished-at="2020-07-31T17:42:44Z">
          <reporter-output>
          </reporter-output>
        </test-method> <!-- verifyloginPageTitleTest -->
        <test-method status="PASS" signature="tearDown()[pri:0, instance:com.qa.hubspot.tests.LoginPageTest@68837a77]" name="tearDown" is-config="true" duration-ms="882" started-at="2020-07-31T17:42:44Z" finished-at="2020-07-31T17:42:45Z">
          <reporter-output>
          </reporter-output>
        </test-method> <!-- tearDown -->
      </class> <!-- com.qa.hubspot.tests.LoginPageTest -->
      <class name="com.qa.hubspot.tests.ContactsPageTest">
        <test-method status="PASS" signature="setUp()[pri:0, instance:com.qa.hubspot.tests.ContactsPageTest@77b52d12]" name="setUp" is-config="true" duration-ms="70294" started-at="2020-07-31T17:34:09Z" finished-at="2020-07-31T17:35:20Z">
          <reporter-output>
          </reporter-output>
        </test-method> <!-- setUp -->
        <test-method status="PASS" signature="verifyContactsHeaderTest()[pri:0, instance:com.qa.hubspot.tests.ContactsPageTest@77b52d12]" name="verifyContactsHeaderTest" duration-ms="7247" started-at="2020-07-31T17:35:20Z" finished-at="2020-07-31T17:35:27Z">
          <reporter-output>
          </reporter-output>
        </test-method> <!-- verifyContactsHeaderTest -->
        <test-method status="PASS" signature="tearDown()[pri:0, instance:com.qa.hubspot.tests.ContactsPageTest@77b52d12]" name="tearDown" is-config="true" duration-ms="1038" started-at="2020-07-31T17:35:27Z" finished-at="2020-07-31T17:35:28Z">
          <reporter-output>
          </reporter-output>
        </test-method> <!-- tearDown -->
        <test-method status="PASS" signature="setUp()[pri:0, instance:com.qa.hubspot.tests.ContactsPageTest@77b52d12]" name="setUp" is-config="true" duration-ms="32208" started-at="2020-07-31T17:35:28Z" finished-at="2020-07-31T17:36:00Z">
          <reporter-output>
          </reporter-output>
        </test-method> <!-- setUp -->
        <test-method status="PASS" signature="verifyContactsPageTitleTest()[pri:0, instance:com.qa.hubspot.tests.ContactsPageTest@77b52d12]" name="verifyContactsPageTitleTest" duration-ms="2650" started-at="2020-07-31T17:36:00Z" finished-at="2020-07-31T17:36:03Z">
          <reporter-output>
          </reporter-output>
        </test-method> <!-- verifyContactsPageTitleTest -->
        <test-method status="PASS" signature="tearDown()[pri:0, instance:com.qa.hubspot.tests.ContactsPageTest@77b52d12]" name="tearDown" is-config="true" duration-ms="1176" started-at="2020-07-31T17:36:03Z" finished-at="2020-07-31T17:36:04Z">
          <reporter-output>
          </reporter-output>
        </test-method> <!-- tearDown -->
        <test-method status="PASS" signature="setUp()[pri:0, instance:com.qa.hubspot.tests.ContactsPageTest@77b52d12]" name="setUp" is-config="true" duration-ms="30853" started-at="2020-07-31T17:36:09Z" finished-at="2020-07-31T17:36:39Z">
          <reporter-output>
          </reporter-output>
        </test-method> <!-- setUp -->
        <test-method status="PASS" signature="verifyCreateNewContact(java.lang.String, java.lang.String, java.lang.String, java.lang.String)[pri:0, instance:com.qa.hubspot.tests.ContactsPageTest@77b52d12]" name="verifyCreateNewContact" duration-ms="15772" started-at="2020-07-31T17:36:39Z" data-provider="getHubSpotTestData" finished-at="2020-07-31T17:36:55Z">
          <params>
            <param index="0">
              <value>
                <![CDATA[tom@tom.com]]>
              </value>
            </param>
            <param index="1">
              <value>
                <![CDATA[Tom]]>
              </value>
            </param>
            <param index="2">
              <value>
                <![CDATA[Peter]]>
              </value>
            </param>
            <param index="3">
              <value>
                <![CDATA[Manager]]>
              </value>
            </param>
          </params>
          <reporter-output>
          </reporter-output>
        </test-method> <!-- verifyCreateNewContact -->
        <test-method status="PASS" signature="tearDown()[pri:0, instance:com.qa.hubspot.tests.ContactsPageTest@77b52d12]" name="tearDown" is-config="true" duration-ms="1511" started-at="2020-07-31T17:36:55Z" finished-at="2020-07-31T17:36:57Z">
          <reporter-output>
          </reporter-output>
        </test-method> <!-- tearDown -->
        <test-method status="PASS" signature="setUp()[pri:0, instance:com.qa.hubspot.tests.ContactsPageTest@77b52d12]" name="setUp" is-config="true" duration-ms="32862" started-at="2020-07-31T17:36:57Z" finished-at="2020-07-31T17:37:30Z">
          <reporter-output>
          </reporter-output>
        </test-method> <!-- setUp -->
        <test-method status="PASS" signature="verifyCreateNewContact(java.lang.String, java.lang.String, java.lang.String, java.lang.String)[pri:0, instance:com.qa.hubspot.tests.ContactsPageTest@77b52d12]" name="verifyCreateNewContact" duration-ms="15429" started-at="2020-07-31T17:37:30Z" data-provider="getHubSpotTestData" finished-at="2020-07-31T17:37:45Z">
          <params>
            <param index="0">
              <value>
                <![CDATA[harry@potter.com]]>
              </value>
            </param>
            <param index="1">
              <value>
                <![CDATA[Harry]]>
              </value>
            </param>
            <param index="2">
              <value>
                <![CDATA[Potter]]>
              </value>
            </param>
            <param index="3">
              <value>
                <![CDATA[Wizard]]>
              </value>
            </param>
          </params>
          <reporter-output>
          </reporter-output>
        </test-method> <!-- verifyCreateNewContact -->
        <test-method status="PASS" signature="tearDown()[pri:0, instance:com.qa.hubspot.tests.ContactsPageTest@77b52d12]" name="tearDown" is-config="true" duration-ms="1252" started-at="2020-07-31T17:37:45Z" finished-at="2020-07-31T17:37:46Z">
          <reporter-output>
          </reporter-output>
        </test-method> <!-- tearDown -->
        <test-method status="PASS" signature="setUp()[pri:0, instance:com.qa.hubspot.tests.ContactsPageTest@77b52d12]" name="setUp" is-config="true" duration-ms="25220" started-at="2020-07-31T17:37:46Z" finished-at="2020-07-31T17:38:12Z">
          <reporter-output>
          </reporter-output>
        </test-method> <!-- setUp -->
        <test-method status="PASS" signature="verifyCreateNewContact(java.lang.String, java.lang.String, java.lang.String, java.lang.String)[pri:0, instance:com.qa.hubspot.tests.ContactsPageTest@77b52d12]" name="verifyCreateNewContact" duration-ms="11297" started-at="2020-07-31T17:38:12Z" data-provider="getHubSpotTestData" finished-at="2020-07-31T17:38:23Z">
          <params>
            <param index="0">
              <value>
                <![CDATA[frodo@baggins.com]]>
              </value>
            </param>
            <param index="1">
              <value>
                <![CDATA[Frodo]]>
              </value>
            </param>
            <param index="2">
              <value>
                <![CDATA[Baggins]]>
              </value>
            </param>
            <param index="3">
              <value>
                <![CDATA[Hobbit]]>
              </value>
            </param>
          </params>
          <reporter-output>
          </reporter-output>
        </test-method> <!-- verifyCreateNewContact -->
        <test-method status="PASS" signature="tearDown()[pri:0, instance:com.qa.hubspot.tests.ContactsPageTest@77b52d12]" name="tearDown" is-config="true" duration-ms="844" started-at="2020-07-31T17:38:23Z" finished-at="2020-07-31T17:38:24Z">
          <reporter-output>
          </reporter-output>
        </test-method> <!-- tearDown -->
        <test-method status="PASS" signature="setUp()[pri:0, instance:com.qa.hubspot.tests.ContactsPageTest@77b52d12]" name="setUp" is-config="true" duration-ms="27220" started-at="2020-07-31T17:38:24Z" finished-at="2020-07-31T17:38:51Z">
          <reporter-output>
          </reporter-output>
        </test-method> <!-- setUp -->
        <test-method status="PASS" signature="verifySelectContactsTest()[pri:0, instance:com.qa.hubspot.tests.ContactsPageTest@77b52d12]" name="verifySelectContactsTest" duration-ms="9982" started-at="2020-07-31T17:38:51Z" finished-at="2020-07-31T17:39:01Z">
          <reporter-output>
          </reporter-output>
        </test-method> <!-- verifySelectContactsTest -->
        <test-method status="PASS" signature="tearDown()[pri:0, instance:com.qa.hubspot.tests.ContactsPageTest@77b52d12]" name="tearDown" is-config="true" duration-ms="1010" started-at="2020-07-31T17:39:01Z" finished-at="2020-07-31T17:39:02Z">
          <reporter-output>
          </reporter-output>
        </test-method> <!-- tearDown -->
      </class> <!-- com.qa.hubspot.tests.ContactsPageTest -->
      <class name="com.qa.hubspot.tests.HomePageTest">
        <test-method status="PASS" signature="setUp()[pri:0, instance:com.qa.hubspot.tests.HomePageTest@2d554825]" name="setUp" is-config="true" duration-ms="18349" started-at="2020-07-31T17:39:02Z" finished-at="2020-07-31T17:39:20Z">
          <reporter-output>
          </reporter-output>
        </test-method> <!-- setUp -->
        <test-method status="PASS" signature="verifyCompaniesPageTest()[pri:0, instance:com.qa.hubspot.tests.HomePageTest@2d554825]" name="verifyCompaniesPageTest" duration-ms="11347" started-at="2020-07-31T17:39:20Z" finished-at="2020-07-31T17:39:32Z">
          <reporter-output>
          </reporter-output>
        </test-method> <!-- verifyCompaniesPageTest -->
        <test-method status="PASS" signature="tearDown()[pri:0, instance:com.qa.hubspot.tests.HomePageTest@2d554825]" name="tearDown" is-config="true" duration-ms="1102" started-at="2020-07-31T17:39:32Z" finished-at="2020-07-31T17:39:33Z">
          <reporter-output>
          </reporter-output>
        </test-method> <!-- tearDown -->
        <test-method status="PASS" signature="setUp()[pri:0, instance:com.qa.hubspot.tests.HomePageTest@2d554825]" name="setUp" is-config="true" duration-ms="20099" started-at="2020-07-31T17:39:33Z" finished-at="2020-07-31T17:39:53Z">
          <reporter-output>
          </reporter-output>
        </test-method> <!-- setUp -->
        <test-method status="PASS" signature="verifyContactsPageTest()[pri:0, instance:com.qa.hubspot.tests.HomePageTest@2d554825]" name="verifyContactsPageTest" duration-ms="9059" started-at="2020-07-31T17:39:53Z" finished-at="2020-07-31T17:40:02Z">
          <reporter-output>
          </reporter-output>
        </test-method> <!-- verifyContactsPageTest -->
        <test-method status="PASS" signature="tearDown()[pri:0, instance:com.qa.hubspot.tests.HomePageTest@2d554825]" name="tearDown" is-config="true" duration-ms="740" started-at="2020-07-31T17:40:02Z" finished-at="2020-07-31T17:40:03Z">
          <reporter-output>
          </reporter-output>
        </test-method> <!-- tearDown -->
        <test-method status="PASS" signature="setUp()[pri:0, instance:com.qa.hubspot.tests.HomePageTest@2d554825]" name="setUp" is-config="true" duration-ms="18075" started-at="2020-07-31T17:40:03Z" finished-at="2020-07-31T17:40:21Z">
          <reporter-output>
          </reporter-output>
        </test-method> <!-- setUp -->
        <test-method status="PASS" signature="verifyHomePageHeaderTest()[pri:0, instance:com.qa.hubspot.tests.HomePageTest@2d554825]" name="verifyHomePageHeaderTest" duration-ms="9379" started-at="2020-07-31T17:40:21Z" finished-at="2020-07-31T17:40:30Z">
          <reporter-output>
          </reporter-output>
        </test-method> <!-- verifyHomePageHeaderTest -->
        <test-method status="PASS" signature="tearDown()[pri:0, instance:com.qa.hubspot.tests.HomePageTest@2d554825]" name="tearDown" is-config="true" duration-ms="766" started-at="2020-07-31T17:40:30Z" finished-at="2020-07-31T17:40:31Z">
          <reporter-output>
          </reporter-output>
        </test-method> <!-- tearDown -->
        <test-method status="PASS" signature="setUp()[pri:0, instance:com.qa.hubspot.tests.HomePageTest@2d554825]" name="setUp" is-config="true" duration-ms="16856" started-at="2020-07-31T17:40:31Z" finished-at="2020-07-31T17:40:48Z">
          <reporter-output>
          </reporter-output>
        </test-method> <!-- setUp -->
        <test-method status="PASS" signature="verifyHomePageTitleTest()[pri:0, instance:com.qa.hubspot.tests.HomePageTest@2d554825]" name="verifyHomePageTitleTest" duration-ms="8368" started-at="2020-07-31T17:40:48Z" finished-at="2020-07-31T17:40:56Z">
          <reporter-output>
          </reporter-output>
        </test-method> <!-- verifyHomePageTitleTest -->
        <test-method status="PASS" signature="tearDown()[pri:0, instance:com.qa.hubspot.tests.HomePageTest@2d554825]" name="tearDown" is-config="true" duration-ms="837" started-at="2020-07-31T17:40:56Z" finished-at="2020-07-31T17:40:57Z">
          <reporter-output>
          </reporter-output>
        </test-method> <!-- tearDown -->
        <test-method status="PASS" signature="setUp()[pri:0, instance:com.qa.hubspot.tests.HomePageTest@2d554825]" name="setUp" is-config="true" duration-ms="18207" started-at="2020-07-31T17:40:57Z" finished-at="2020-07-31T17:41:15Z">
          <reporter-output>
          </reporter-output>
        </test-method> <!-- setUp -->
        <test-method status="PASS" signature="verifyUserEmailTest()[pri:0, instance:com.qa.hubspot.tests.HomePageTest@2d554825]" name="verifyUserEmailTest" duration-ms="7226" started-at="2020-07-31T17:41:15Z" finished-at="2020-07-31T17:41:22Z">
          <reporter-output>
          </reporter-output>
        </test-method> <!-- verifyUserEmailTest -->
        <test-method status="PASS" signature="tearDown()[pri:0, instance:com.qa.hubspot.tests.HomePageTest@2d554825]" name="tearDown" is-config="true" duration-ms="763" started-at="2020-07-31T17:41:22Z" finished-at="2020-07-31T17:41:23Z">
          <reporter-output>
          </reporter-output>
        </test-method> <!-- tearDown -->
        <test-method status="PASS" signature="setUp()[pri:0, instance:com.qa.hubspot.tests.HomePageTest@2d554825]" name="setUp" is-config="true" duration-ms="19340" started-at="2020-07-31T17:41:23Z" finished-at="2020-07-31T17:41:42Z">
          <reporter-output>
          </reporter-output>
        </test-method> <!-- setUp -->
        <test-method status="PASS" signature="verifyUserNameTest()[pri:0, instance:com.qa.hubspot.tests.HomePageTest@2d554825]" name="verifyUserNameTest" duration-ms="7920" started-at="2020-07-31T17:41:42Z" finished-at="2020-07-31T17:41:50Z">
          <reporter-output>
          </reporter-output>
        </test-method> <!-- verifyUserNameTest -->
        <test-method status="PASS" signature="tearDown()[pri:0, instance:com.qa.hubspot.tests.HomePageTest@2d554825]" name="tearDown" is-config="true" duration-ms="756" started-at="2020-07-31T17:41:50Z" finished-at="2020-07-31T17:41:51Z">
          <reporter-output>
          </reporter-output>
        </test-method> <!-- tearDown -->
      </class> <!-- com.qa.hubspot.tests.HomePageTest -->
    </test> <!-- Command line test -->
  </suite> <!-- Command line suite -->
</testng-results>
